[dotenv@17.3.1] injecting env (15) from .env -- tip: ⚙️  load multiple .env files with { path: ['.env.local', '.env'] }
Server running at http://127.0.0.1:8000
[20:02:12.004] [32mINFO[39m (19364): [36mServer listening at http://127.0.0.1:8000[39m
[20:02:12.004] [32mINFO[39m (19364): [36mCORS origins configured[39m
    [35morigins[39m: [
      "http://127.0.0.1:4173",
      "http://localhost:4173"
    ]
[20:02:12.007] [32mINFO[39m (19364): [36mWarehouse outbox worker started[39m
[20:02:12.422] [32mINFO[39m (19364): [36mincoming request[39m
    [35mreqId[39m: "req-1"
    [35mreq[39m: {
      "method": "GET",
      "url": "/api/v1/health",
      "host": "127.0.0.1:8000",
      "remoteAddress": "127.0.0.1",
      "remotePort": 51355
    }
[20:02:12.428] [32mINFO[39m (19364): [36mrequest completed[39m
    [35mreqId[39m: "req-1"
    [35mres[39m: {
      "statusCode": 200
    }
    [35mresponseTime[39m: 5.3868000023067
[20:02:21.919] [32mINFO[39m (19364): [36mincoming request[39m
    [35mreqId[39m: "req-2"
    [35mreq[39m: {
      "method": "POST",
      "url": "/api/v1/auth/login/",
      "host": "127.0.0.1:8000",
      "remoteAddress": "127.0.0.1",
      "remotePort": 58799
    }
[20:02:22.267] [32mINFO[39m (19364): [36mrequest completed[39m
    [35mreqId[39m: "req-2"
    [35mres[39m: {
      "statusCode": 200
    }
    [35mresponseTime[39m: 346.9825999997556
[20:02:22.335] [32mINFO[39m (19364): [36mincoming request[39m
    [35mreqId[39m: "req-3"
    [35mreq[39m: {
      "method": "GET",
      "url": "/api/v1/auth/bootstrap/",
      "host": "127.0.0.1:8000",
      "remoteAddress": "127.0.0.1",
      "remotePort": 58800
    }
[20:02:22.375] [32mINFO[39m (19364): [36mrequest completed[39m
    [35mreqId[39m: "req-3"
    [35mres[39m: {
      "statusCode": 200
    }
    [35mresponseTime[39m: 40.42080000042915
[20:02:25.922] [32mINFO[39m (19364): [36mincoming request[39m
    [35mreqId[39m: "req-4"
    [35mreq[39m: {
      "method": "POST",
      "url": "/api/v1/auth/login/",
      "host": "127.0.0.1:8000",
      "remoteAddress": "127.0.0.1",
      "remotePort": 49513
    }
[20:02:26.052] [32mINFO[39m (19364): [36mrequest completed[39m
    [35mreqId[39m: "req-4"
    [35mres[39m: {
      "statusCode": 200
    }
    [35mresponseTime[39m: 129.30000000074506
[20:02:26.070] [32mINFO[39m (19364): [36mincoming request[39m
    [35mreqId[39m: "req-5"
    [35mreq[39m: {
      "method": "GET",
      "url": "/api/v1/auth/bootstrap/",
      "host": "127.0.0.1:8000",
      "remoteAddress": "127.0.0.1",
      "remotePort": 49514
    }
[20:02:26.091] [32mINFO[39m (19364): [36mrequest completed[39m
    [35mreqId[39m: "req-5"
    [35mres[39m: {
      "statusCode": 200
    }
    [35mresponseTime[39m: 19.85139999911189
[20:02:26.196] [32mINFO[39m (19364): [36mincoming request[39m
    [35mreqId[39m: "req-6"
    [35mreq[39m: {
      "method": "GET",
      "url": "/api/v1/notifications/",
      "host": "127.0.0.1:8000",
      "remoteAddress": "127.0.0.1",
      "remotePort": 58072
    }
[20:02:26.209] [32mINFO[39m (19364): [36mrequest completed[39m
    [35mreqId[39m: "req-6"
    [35mres[39m: {
      "statusCode": 200
    }
    [35mresponseTime[39m: 12.999499998986721
[20:02:26.215] [32mINFO[39m (19364): [36mincoming request[39m
    [35mreqId[39m: "req-7"
    [35mreq[39m: {
      "method": "GET",
      "url": "/api/v1/sse/?token=eyJhbGciOiJIUzI1NiIsInR5cCI6IkpXVCJ9.eyJzdWIiOiJ1LW93bmVyIiwiZW1haWwiOiJhZG1pbkBrb3J0LmxvY2FsIiwiaWF0IjoxNzc3MDQyOTQ2LCJleHAiOjE3NzcwNDM4NDZ9.uh-NAYptC1DaDnNU1wvlPYp7tV4Oa7bFXSEYpV_3wxo",
      "host": "127.0.0.1:8000",
      "remoteAddress": "127.0.0.1",
      "remotePort": 58073
    }
[20:02:26.230] [32mINFO[39m (19364): [36mincoming request[39m
    [35mreqId[39m: "req-8"
    [35mreq[39m: {
      "method": "GET",
      "url": "/api/v1/sse/?token=eyJhbGciOiJIUzI1NiIsInR5cCI6IkpXVCJ9.eyJzdWIiOiJ1LW93bmVyIiwiZW1haWwiOiJhZG1pbkBrb3J0LmxvY2FsIiwiaWF0IjoxNzc3MDQyOTQ2LCJleHAiOjE3NzcwNDM4NDZ9.uh-NAYptC1DaDnNU1wvlPYp7tV4Oa7bFXSEYpV_3wxo",
      "host": "127.0.0.1:8000",
      "remoteAddress": "127.0.0.1",
      "remotePort": 58074
    }
[20:02:26.242] [32mINFO[39m (19364): [36mincoming request[39m
    [35mreqId[39m: "req-9"
    [35mreq[39m: {
      "method": "GET",
      "url": "/api/v1/customers?limit=100",
      "host": "127.0.0.1:8000",
      "remoteAddress": "127.0.0.1",
      "remotePort": 58075
    }
[20:02:26.251] [32mINFO[39m (19364): [36mincoming request[39m
    [35mreqId[39m: "req-a"
    [35mreq[39m: {
      "method": "GET",
      "url": "/api/v1/sse/?token=eyJhbGciOiJIUzI1NiIsInR5cCI6IkpXVCJ9.eyJzdWIiOiJ1LW93bmVyIiwiZW1haWwiOiJhZG1pbkBrb3J0LmxvY2FsIiwiaWF0IjoxNzc3MDQyOTQ2LCJleHAiOjE3NzcwNDM4NDZ9.uh-NAYptC1DaDnNU1wvlPYp7tV4Oa7bFXSEYpV_3wxo",
      "host": "127.0.0.1:8000",
      "remoteAddress": "127.0.0.1",
      "remotePort": 58076
    }
[20:02:26.323] [32mINFO[39m (19364): [36mrequest completed[39m
    [35mreqId[39m: "req-9"
    [35mres[39m: {
      "statusCode": 200
    }
    [35mresponseTime[39m: 80.32160000130534
[20:02:26.676] [32mINFO[39m (19364): [36mincoming request[39m
    [35mreqId[39m: "req-b"
    [35mreq[39m: {
      "method": "GET",
      "url": "/api/v1/sse/?token=eyJhbGciOiJIUzI1NiIsInR5cCI6IkpXVCJ9.eyJzdWIiOiJ1LW93bmVyIiwiZW1haWwiOiJhZG1pbkBrb3J0LmxvY2FsIiwiaWF0IjoxNzc3MDQyOTQ2LCJleHAiOjE3NzcwNDM4NDZ9.uh-NAYptC1DaDnNU1wvlPYp7tV4Oa7bFXSEYpV_3wxo",
      "host": "127.0.0.1:8000",
      "remoteAddress": "127.0.0.1",
      "remotePort": 58086
    }
[20:02:26.809] [32mINFO[39m (19364): [36mincoming request[39m
    [35mreqId[39m: "req-c"
    [35mreq[39m: {
      "method": "POST",
      "url": "/api/v1/customers",
      "host": "127.0.0.1:8000",
      "remoteAddress": "127.0.0.1",
      "remotePort": 54483
    }
[20:02:26.838] [32mINFO[39m (19364): [36mrequest completed[39m
    [35mreqId[39m: "req-c"
    [35mres[39m: {
      "statusCode": 201
    }
    [35mresponseTime[39m: 28.395100001245737
[20:02:26.847] [32mINFO[39m (19364): [36mincoming request[39m
    [35mreqId[39m: "req-d"
    [35mreq[39m: {
      "method": "GET",
      "url": "/api/v1/customers?limit=100",
      "host": "127.0.0.1:8000",
      "remoteAddress": "127.0.0.1",
      "remotePort": 60183
    }
[20:02:26.867] [32mINFO[39m (19364): [36mrequest completed[39m
    [35mreqId[39m: "req-d"
    [35mres[39m: {
      "statusCode": 200
    }
    [35mresponseTime[39m: 19.384700000286102
[20:02:28.485] [32mINFO[39m (19364): [36mincoming request[39m
    [35mreqId[39m: "req-e"
    [35mreq[39m: {
      "method": "POST",
      "url": "/api/v1/auth/login/",
      "host": "127.0.0.1:8000",
      "remoteAddress": "127.0.0.1",
      "remotePort": 52755
    }
[20:02:28.699] [32mINFO[39m (19364): [36mrequest completed[39m
    [35mreqId[39m: "req-e"
    [35mres[39m: {
      "statusCode": 200
    }
    [35mresponseTime[39m: 212.75160000100732
[20:02:28.729] [32mINFO[39m (19364): [36mincoming request[39m
    [35mreqId[39m: "req-f"
    [35mreq[39m: {
      "method": "GET",
      "url": "/api/v1/auth/bootstrap/",
      "host": "127.0.0.1:8000",
      "remoteAddress": "127.0.0.1",
      "remotePort": 52756
    }
[20:02:28.753] [32mINFO[39m (19364): [36mrequest completed[39m
    [35mreqId[39m: "req-f"
    [35mres[39m: {
      "statusCode": 200
    }
    [35mresponseTime[39m: 23.769299998879433
[20:02:28.847] [32mINFO[39m (19364): [36mincoming request[39m
    [35mreqId[39m: "req-g"
    [35mreq[39m: {
      "method": "GET",
      "url": "/api/v1/notifications/",
      "host": "127.0.0.1:8000",
      "remoteAddress": "127.0.0.1",
      "remotePort": 55996
    }
[20:02:28.857] [32mINFO[39m (19364): [36mincoming request[39m
    [35mreqId[39m: "req-h"
    [35mreq[39m: {
      "method": "GET",
      "url": "/api/v1/sse/?token=eyJhbGciOiJIUzI1NiIsInR5cCI6IkpXVCJ9.eyJzdWIiOiJ1LW93bmVyIiwiZW1haWwiOiJhZG1pbkBrb3J0LmxvY2FsIiwiaWF0IjoxNzc3MDQyOTQ4LCJleHAiOjE3NzcwNDM4NDh9.2yQ7gXElPqcaiIbr9YFwNrSW4sa8p154nT0TxFUL7ZQ",
      "host": "127.0.0.1:8000",
      "remoteAddress": "127.0.0.1",
      "remotePort": 55997
    }
[20:02:28.862] [32mINFO[39m (19364): [36mrequest completed[39m
    [35mreqId[39m: "req-g"
    [35mres[39m: {
      "statusCode": 200
    }
    [35mresponseTime[39m: 15.154699999839067
[20:02:28.872] [32mINFO[39m (19364): [36mincoming request[39m
    [35mreqId[39m: "req-i"
    [35mreq[39m: {
      "method": "GET",
      "url": "/api/v1/deals/board/",
      "host": "127.0.0.1:8000",
      "remoteAddress": "127.0.0.1",
      "remotePort": 55998
    }
[20:02:28.890] [32mINFO[39m (19364): [36mrequest completed[39m
    [35mreqId[39m: "req-i"
    [35mres[39m: {
      "statusCode": 200
    }
    [35mresponseTime[39m: 17.888700000941753
[20:02:28.987] [32mINFO[39m (19364): [36mincoming request[39m
    [35mreqId[39m: "req-j"
    [35mreq[39m: {
      "method": "GET",
      "url": "/api/v1/sse/?token=eyJhbGciOiJIUzI1NiIsInR5cCI6IkpXVCJ9.eyJzdWIiOiJ1LW93bmVyIiwiZW1haWwiOiJhZG1pbkBrb3J0LmxvY2FsIiwiaWF0IjoxNzc3MDQyOTQ4LCJleHAiOjE3NzcwNDM4NDh9.2yQ7gXElPqcaiIbr9YFwNrSW4sa8p154nT0TxFUL7ZQ",
      "host": "127.0.0.1:8000",
      "remoteAddress": "127.0.0.1",
      "remotePort": 55999
    }
[20:02:48.781] [32mINFO[39m (19364): [36mincoming request[39m
    [35mreqId[39m: "req-k"
    [35mreq[39m: {
      "method": "POST",
      "url": "/api/v1/auth/login/",
      "host": "127.0.0.1:8000",
      "remoteAddress": "127.0.0.1",
      "remotePort": 52419
    }
[20:02:48.953] [32mINFO[39m (19364): [36mrequest completed[39m
    [35mreqId[39m: "req-k"
    [35mres[39m: {
      "statusCode": 200
    }
    [35mresponseTime[39m: 171.89550000056624
[20:02:48.969] [32mINFO[39m (19364): [36mincoming request[39m
    [35mreqId[39m: "req-l"
    [35mreq[39m: {
      "method": "GET",
      "url": "/api/v1/auth/bootstrap/",
      "host": "127.0.0.1:8000",
      "remoteAddress": "127.0.0.1",
      "remotePort": 52420
    }
[20:02:48.985] [32mINFO[39m (19364): [36mrequest completed[39m
    [35mreqId[39m: "req-l"
    [35mres[39m: {
      "statusCode": 200
    }
    [35mresponseTime[39m: 15.629399999976158
[20:02:49.065] [32mINFO[39m (19364): [36mincoming request[39m
    [35mreqId[39m: "req-m"
    [35mreq[39m: {
      "method": "GET",
      "url": "/api/v1/notifications/",
      "host": "127.0.0.1:8000",
      "remoteAddress": "127.0.0.1",
      "remotePort": 49779
    }
[20:02:49.077] [32mINFO[39m (19364): [36mrequest completed[39m
    [35mreqId[39m: "req-m"
    [35mres[39m: {
      "statusCode": 200
    }
    [35mresponseTime[39m: 11.86989999935031
[20:02:49.081] [32mINFO[39m (19364): [36mincoming request[39m
    [35mreqId[39m: "req-n"
    [35mreq[39m: {
      "method": "GET",
      "url": "/api/v1/sse/?token=eyJhbGciOiJIUzI1NiIsInR5cCI6IkpXVCJ9.eyJzdWIiOiJ1LW93bmVyIiwiZW1haWwiOiJhZG1pbkBrb3J0LmxvY2FsIiwiaWF0IjoxNzc3MDQyOTY4LCJleHAiOjE3NzcwNDM4Njh9.zaHa5lt_Xef47v1IjS33HB0pANmUQnSp84HeToxKIS8",
      "host": "127.0.0.1:8000",
      "remoteAddress": "127.0.0.1",
      "remotePort": 49780
    }
[20:02:49.097] [32mINFO[39m (19364): [36mincoming request[39m
    [35mreqId[39m: "req-o"
    [35mreq[39m: {
      "method": "GET",
      "url": "/api/v1/deals/board/",
      "host": "127.0.0.1:8000",
      "remoteAddress": "127.0.0.1",
      "remotePort": 49781
    }
[20:02:49.106] [32mINFO[39m (19364): [36mincoming request[39m
    [35mreqId[39m: "req-p"
    [35mreq[39m: {
      "method": "GET",
      "url": "/api/v1/sse/?token=eyJhbGciOiJIUzI1NiIsInR5cCI6IkpXVCJ9.eyJzdWIiOiJ1LW93bmVyIiwiZW1haWwiOiJhZG1pbkBrb3J0LmxvY2FsIiwiaWF0IjoxNzc3MDQyOTY4LCJleHAiOjE3NzcwNDM4Njh9.zaHa5lt_Xef47v1IjS33HB0pANmUQnSp84HeToxKIS8",
      "host": "127.0.0.1:8000",
      "remoteAddress": "127.0.0.1",
      "remotePort": 49782
    }
[20:02:49.128] [32mINFO[39m (19364): [36mrequest completed[39m
    [35mreqId[39m: "req-o"
    [35mres[39m: {
      "statusCode": 200
    }
    [35mresponseTime[39m: 30.293800000101328
[20:03:09.281] [32mINFO[39m (19364): [36mincoming request[39m
    [35mreqId[39m: "req-q"
    [35mreq[39m: {
      "method": "POST",
      "url": "/api/v1/auth/login/",
      "host": "127.0.0.1:8000",
      "remoteAddress": "127.0.0.1",
      "remotePort": 54955
    }
[20:03:09.395] [32mINFO[39m (19364): [36mrequest completed[39m
    [35mreqId[39m: "req-q"
    [35mres[39m: {
      "statusCode": 200
    }
    [35mresponseTime[39m: 113.23680000007153
[20:03:09.409] [32mINFO[39m (19364): [36mincoming request[39m
    [35mreqId[39m: "req-r"
    [35mreq[39m: {
      "method": "GET",
      "url": "/api/v1/auth/bootstrap/",
      "host": "127.0.0.1:8000",
      "remoteAddress": "127.0.0.1",
      "remotePort": 54956
    }
[20:03:09.422] [32mINFO[39m (19364): [36mrequest completed[39m
    [35mreqId[39m: "req-r"
    [35mres[39m: {
      "statusCode": 200
    }
    [35mresponseTime[39m: 12.610999997705221
[20:03:09.488] [32mINFO[39m (19364): [36mincoming request[39m
    [35mreqId[39m: "req-s"
    [35mreq[39m: {
      "method": "GET",
      "url": "/api/v1/notifications/",
      "host": "127.0.0.1:8000",
      "remoteAddress": "127.0.0.1",
      "remotePort": 52858
    }
[20:03:09.494] [32mINFO[39m (19364): [36mrequest completed[39m
    [35mreqId[39m: "req-s"
    [35mres[39m: {
      "statusCode": 200
    }
    [35mresponseTime[39m: 6.037399999797344
[20:03:09.499] [32mINFO[39m (19364): [36mincoming request[39m
    [35mreqId[39m: "req-t"
    [35mreq[39m: {
      "method": "GET",
      "url": "/api/v1/sse/?token=eyJhbGciOiJIUzI1NiIsInR5cCI6IkpXVCJ9.eyJzdWIiOiJ1LW93bmVyIiwiZW1haWwiOiJhZG1pbkBrb3J0LmxvY2FsIiwiaWF0IjoxNzc3MDQyOTg5LCJleHAiOjE3NzcwNDM4ODl9.f8WTXPKQGbAgt4F7-nEzP4txR1zuxFXuIBb9cLw-nYU",
      "host": "127.0.0.1:8000",
      "remoteAddress": "127.0.0.1",
      "remotePort": 52859
    }
[20:03:09.508] [32mINFO[39m (19364): [36mincoming request[39m
    [35mreqId[39m: "req-u"
    [35mreq[39m: {
      "method": "GET",
      "url": "/api/v1/sse/?token=eyJhbGciOiJIUzI1NiIsInR5cCI6IkpXVCJ9.eyJzdWIiOiJ1LW93bmVyIiwiZW1haWwiOiJhZG1pbkBrb3J0LmxvY2FsIiwiaWF0IjoxNzc3MDQyOTg5LCJleHAiOjE3NzcwNDM4ODl9.f8WTXPKQGbAgt4F7-nEzP4txR1zuxFXuIBb9cLw-nYU",
      "host": "127.0.0.1:8000",
      "remoteAddress": "127.0.0.1",
      "remotePort": 52860
    }
[20:03:09.528] [32mINFO[39m (19364): [36mincoming request[39m
    [35mreqId[39m: "req-v"
    [35mreq[39m: {
      "method": "GET",
      "url": "/api/v1/deals/board/",
      "host": "127.0.0.1:8000",
      "remoteAddress": "127.0.0.1",
      "remotePort": 52861
    }
[20:03:09.531] [32mINFO[39m (19364): [36mincoming request[39m
    [35mreqId[39m: "req-w"
    [35mreq[39m: {
      "method": "GET",
      "url": "/api/v1/sse/?token=eyJhbGciOiJIUzI1NiIsInR5cCI6IkpXVCJ9.eyJzdWIiOiJ1LW93bmVyIiwiZW1haWwiOiJhZG1pbkBrb3J0LmxvY2FsIiwiaWF0IjoxNzc3MDQyOTg5LCJleHAiOjE3NzcwNDM4ODl9.f8WTXPKQGbAgt4F7-nEzP4txR1zuxFXuIBb9cLw-nYU",
      "host": "127.0.0.1:8000",
      "remoteAddress": "127.0.0.1",
      "remotePort": 52862
    }
[20:03:09.546] [32mINFO[39m (19364): [36mrequest completed[39m
    [35mreqId[39m: "req-v"
    [35mres[39m: {
      "statusCode": 200
    }
    [35mresponseTime[39m: 17.79340000078082
[20:03:31.776] [32mINFO[39m (19364): [36mincoming request[39m
    [35mreqId[39m: "req-x"
    [35mreq[39m: {
      "method": "POST",
      "url": "/api/v1/auth/login/",
      "host": "127.0.0.1:8000",
      "remoteAddress": "127.0.0.1",
      "remotePort": 52881
    }
[20:03:31.961] [32mINFO[39m (19364): [36mrequest completed[39m
    [35mreqId[39m: "req-x"
    [35mres[39m: {
      "statusCode": 200
    }
    [35mresponseTime[39m: 184.20910000056028
[20:03:32.019] [32mINFO[39m (19364): [36mincoming request[39m
    [35mreqId[39m: "req-y"
    [35mreq[39m: {
      "method": "GET",
      "url": "/api/v1/auth/bootstrap/",
      "host": "127.0.0.1:8000",
      "remoteAddress": "127.0.0.1",
      "remotePort": 52882
    }
[20:03:32.035] [32mINFO[39m (19364): [36mrequest completed[39m
    [35mreqId[39m: "req-y"
    [35mres[39m: {
      "statusCode": 200
    }
    [35mresponseTime[39m: 15.623700000345707
[20:03:32.176] [32mINFO[39m (19364): [36mincoming request[39m
    [35mreqId[39m: "req-z"
    [35mreq[39m: {
      "method": "GET",
      "url": "/api/v1/sse/?token=eyJhbGciOiJIUzI1NiIsInR5cCI6IkpXVCJ9.eyJzdWIiOiJ1LW93bmVyIiwiZW1haWwiOiJhZG1pbkBrb3J0LmxvY2FsIiwiaWF0IjoxNzc3MDQzMDExLCJleHAiOjE3NzcwNDM5MTF9.YY0RJUSopzow4aNb8xJg4BYck7WpL-nxGgtV39BJzh8",
      "host": "127.0.0.1:8000",
      "remoteAddress": "127.0.0.1",
      "remotePort": 52883
    }
[20:03:32.181] [32mINFO[39m (19364): [36mincoming request[39m
    [35mreqId[39m: "req-10"
    [35mreq[39m: {
      "method": "GET",
      "url": "/api/v1/notifications/",
      "host": "127.0.0.1:8000",
      "remoteAddress": "127.0.0.1",
      "remotePort": 52884
    }
[20:03:32.189] [32mINFO[39m (19364): [36mincoming request[39m
    [35mreqId[39m: "req-11"
    [35mreq[39m: {
      "method": "GET",
      "url": "/api/v1/customers?limit=100",
      "host": "127.0.0.1:8000",
      "remoteAddress": "127.0.0.1",
      "remotePort": 52885
    }
[20:03:32.194] [32mINFO[39m (19364): [36mrequest completed[39m
    [35mreqId[39m: "req-10"
    [35mres[39m: {
      "statusCode": 200
    }
    [35mresponseTime[39m: 11.989199999719858
[20:03:32.211] [32mINFO[39m (19364): [36mrequest completed[39m
    [35mreqId[39m: "req-11"
    [35mres[39m: {
      "statusCode": 200
    }
    [35mresponseTime[39m: 21.68520000204444
[20:03:32.219] [32mINFO[39m (19364): [36mincoming request[39m
    [35mreqId[39m: "req-12"
    [35mreq[39m: {
      "method": "GET",
      "url": "/api/v1/sse/?token=eyJhbGciOiJIUzI1NiIsInR5cCI6IkpXVCJ9.eyJzdWIiOiJ1LW93bmVyIiwiZW1haWwiOiJhZG1pbkBrb3J0LmxvY2FsIiwiaWF0IjoxNzc3MDQzMDExLCJleHAiOjE3NzcwNDM5MTF9.YY0RJUSopzow4aNb8xJg4BYck7WpL-nxGgtV39BJzh8",
      "host": "127.0.0.1:8000",
      "remoteAddress": "127.0.0.1",
      "remotePort": 52886
    }
[20:03:32.458] [32mINFO[39m (19364): [36mincoming request[39m
    [35mreqId[39m: "req-13"
    [35mreq[39m: {
      "method": "GET",
      "url": "/api/v1/sse/?token=eyJhbGciOiJIUzI1NiIsInR5cCI6IkpXVCJ9.eyJzdWIiOiJ1LW93bmVyIiwiZW1haWwiOiJhZG1pbkBrb3J0LmxvY2FsIiwiaWF0IjoxNzc3MDQzMDExLCJleHAiOjE3NzcwNDM5MTF9.YY0RJUSopzow4aNb8xJg4BYck7WpL-nxGgtV39BJzh8",
      "host": "127.0.0.1:8000",
      "remoteAddress": "127.0.0.1",
      "remotePort": 52888
    }
[20:03:32.487] [32mINFO[39m (19364): [36mincoming request[39m
    [35mreqId[39m: "req-14"
    [35mreq[39m: {
      "method": "GET",
      "url": "/api/v1/sse/?token=eyJhbGciOiJIUzI1NiIsInR5cCI6IkpXVCJ9.eyJzdWIiOiJ1LW93bmVyIiwiZW1haWwiOiJhZG1pbkBrb3J0LmxvY2FsIiwiaWF0IjoxNzc3MDQzMDExLCJleHAiOjE3NzcwNDM5MTF9.YY0RJUSopzow4aNb8xJg4BYck7WpL-nxGgtV39BJzh8",
      "host": "127.0.0.1:8000",
      "remoteAddress": "127.0.0.1",
      "remotePort": 52890
    }
[20:03:32.651] [32mINFO[39m (19364): [36mincoming request[39m
    [35mreqId[39m: "req-15"
    [35mreq[39m: {
      "method": "POST",
      "url": "/api/v1/customers",
      "host": "127.0.0.1:8000",
      "remoteAddress": "127.0.0.1",
      "remotePort": 52892
    }
[20:03:32.673] [32mINFO[39m (19364): [36mrequest completed[39m
    [35mreqId[39m: "req-15"
    [35mres[39m: {
      "statusCode": 201
    }
    [35mresponseTime[39m: 21.789199996739626
[20:03:32.696] [32mINFO[39m (19364): [36mincoming request[39m
    [35mreqId[39m: "req-16"
    [35mreq[39m: {
      "method": "GET",
      "url": "/api/v1/customers?limit=100",
      "host": "127.0.0.1:8000",
      "remoteAddress": "127.0.0.1",
      "remotePort": 52894
    }
[20:03:32.713] [32mINFO[39m (19364): [36mrequest completed[39m
    [35mreqId[39m: "req-16"
    [35mres[39m: {
      "statusCode": 200
    }
    [35mresponseTime[39m: 17.227800000458956
[20:03:34.807] [32mINFO[39m (19364): [36mincoming request[39m
    [35mreqId[39m: "req-17"
    [35mreq[39m: {
      "method": "POST",
      "url": "/api/v1/auth/login/",
      "host": "127.0.0.1:8000",
      "remoteAddress": "127.0.0.1",
      "remotePort": 52904
    }
[20:03:34.937] [32mINFO[39m (19364): [36mrequest completed[39m
    [35mreqId[39m: "req-17"
    [35mres[39m: {
      "statusCode": 200
    }
    [35mresponseTime[39m: 129.7441000007093
[20:03:34.984] [32mINFO[39m (19364): [36mincoming request[39m
    [35mreqId[39m: "req-18"
    [35mreq[39m: {
      "method": "GET",
      "url": "/api/v1/auth/bootstrap/",
      "host": "127.0.0.1:8000",
      "remoteAddress": "127.0.0.1",
      "remotePort": 52905
    }
[20:03:35.001] [32mINFO[39m (19364): [36mrequest completed[39m
    [35mreqId[39m: "req-18"
    [35mres[39m: {
      "statusCode": 200
    }
    [35mresponseTime[39m: 16.637200001627207
[20:03:35.069] [32mINFO[39m (19364): [36mincoming request[39m
    [35mreqId[39m: "req-19"
    [35mreq[39m: {
      "method": "GET",
      "url": "/api/v1/sse/?token=eyJhbGciOiJIUzI1NiIsInR5cCI6IkpXVCJ9.eyJzdWIiOiJ1LW93bmVyIiwiZW1haWwiOiJhZG1pbkBrb3J0LmxvY2FsIiwiaWF0IjoxNzc3MDQzMDE0LCJleHAiOjE3NzcwNDM5MTR9.O968Uyq3_kCL4C7HQ8-BnWnbwjbjgvifUTaVObHa82s",
      "host": "127.0.0.1:8000",
      "remoteAddress": "127.0.0.1",
      "remotePort": 52906
    }
[20:03:35.083] [32mINFO[39m (19364): [36mincoming request[39m
    [35mreqId[39m: "req-1a"
    [35mreq[39m: {
      "method": "GET",
      "url": "/api/v1/sse/?token=eyJhbGciOiJIUzI1NiIsInR5cCI6IkpXVCJ9.eyJzdWIiOiJ1LW93bmVyIiwiZW1haWwiOiJhZG1pbkBrb3J0LmxvY2FsIiwiaWF0IjoxNzc3MDQzMDE0LCJleHAiOjE3NzcwNDM5MTR9.O968Uyq3_kCL4C7HQ8-BnWnbwjbjgvifUTaVObHa82s",
      "host": "127.0.0.1:8000",
      "remoteAddress": "127.0.0.1",
      "remotePort": 52907
    }
[20:03:35.088] [32mINFO[39m (19364): [36mincoming request[39m
    [35mreqId[39m: "req-1b"
    [35mreq[39m: {
      "method": "GET",
      "url": "/api/v1/notifications/",
      "host": "127.0.0.1:8000",
      "remoteAddress": "127.0.0.1",
      "remotePort": 52908
    }
[20:03:35.097] [32mINFO[39m (19364): [36mrequest completed[39m
    [35mreqId[39m: "req-1b"
    [35mres[39m: {
      "statusCode": 200
    }
    [35mresponseTime[39m: 9.027899999171495
[20:03:35.114] [32mINFO[39m (19364): [36mincoming request[39m
    [35mreqId[39m: "req-1c"
    [35mreq[39m: {
      "method": "GET",
      "url": "/api/v1/deals/board/",
      "host": "127.0.0.1:8000",
      "remoteAddress": "127.0.0.1",
      "remotePort": 52910
    }
[20:03:35.117] [32mINFO[39m (19364): [36mincoming request[39m
    [35mreqId[39m: "req-1d"
    [35mreq[39m: {
      "method": "GET",
      "url": "/api/v1/sse/?token=eyJhbGciOiJIUzI1NiIsInR5cCI6IkpXVCJ9.eyJzdWIiOiJ1LW93bmVyIiwiZW1haWwiOiJhZG1pbkBrb3J0LmxvY2FsIiwiaWF0IjoxNzc3MDQzMDE0LCJleHAiOjE3NzcwNDM5MTR9.O968Uyq3_kCL4C7HQ8-BnWnbwjbjgvifUTaVObHa82s",
      "host": "127.0.0.1:8000",
      "remoteAddress": "127.0.0.1",
      "remotePort": 52912
    }
[20:03:35.127] [32mINFO[39m (19364): [36mrequest completed[39m
    [35mreqId[39m: "req-1c"
    [35mres[39m: {
      "statusCode": 200
    }
    [35mresponseTime[39m: 12.527699999511242
[20:03:57.390] [32mINFO[39m (19364): [36mincoming request[39m
    [35mreqId[39m: "req-1e"
    [35mreq[39m: {
      "method": "POST",
      "url": "/api/v1/auth/login/",
      "host": "127.0.0.1:8000",
      "remoteAddress": "127.0.0.1",
      "remotePort": 53113
    }
[20:03:57.549] [32mINFO[39m (19364): [36mrequest completed[39m
    [35mreqId[39m: "req-1e"
    [35mres[39m: {
      "statusCode": 200
    }
    [35mresponseTime[39m: 158.33669999986887
[20:03:57.595] [32mINFO[39m (19364): [36mincoming request[39m
    [35mreqId[39m: "req-1f"
    [35mreq[39m: {
      "method": "GET",
      "url": "/api/v1/auth/bootstrap/",
      "host": "127.0.0.1:8000",
      "remoteAddress": "127.0.0.1",
      "remotePort": 53114
    }
[20:03:57.612] [32mINFO[39m (19364): [36mrequest completed[39m
    [35mreqId[39m: "req-1f"
    [35mres[39m: {
      "statusCode": 200
    }
    [35mresponseTime[39m: 16.96389999985695
[20:03:57.749] [32mINFO[39m (19364): [36mincoming request[39m
    [35mreqId[39m: "req-1g"
    [35mreq[39m: {
      "method": "GET",
      "url": "/api/v1/sse/?token=eyJhbGciOiJIUzI1NiIsInR5cCI6IkpXVCJ9.eyJzdWIiOiJ1LW93bmVyIiwiZW1haWwiOiJhZG1pbkBrb3J0LmxvY2FsIiwiaWF0IjoxNzc3MDQzMDM3LCJleHAiOjE3NzcwNDM5Mzd9.TiheSAX1-J7ZmvQW06vYaOwmIts7e0xj2XlEaRzHTh0",
      "host": "127.0.0.1:8000",
      "remoteAddress": "127.0.0.1",
      "remotePort": 53115
    }
[20:03:57.761] [32mINFO[39m (19364): [36mincoming request[39m
    [35mreqId[39m: "req-1h"
    [35mreq[39m: {
      "method": "GET",
      "url": "/api/v1/notifications/",
      "host": "127.0.0.1:8000",
      "remoteAddress": "127.0.0.1",
      "remotePort": 53116
    }
[20:03:57.771] [32mINFO[39m (19364): [36mrequest completed[39m
    [35mreqId[39m: "req-1h"
    [35mres[39m: {
      "statusCode": 200
    }
    [35mresponseTime[39m: 10.032999999821186
[20:03:57.793] [32mINFO[39m (19364): [36mincoming request[39m
    [35mreqId[39m: "req-1i"
    [35mreq[39m: {
      "method": "GET",
      "url": "/api/v1/sse/?token=eyJhbGciOiJIUzI1NiIsInR5cCI6IkpXVCJ9.eyJzdWIiOiJ1LW93bmVyIiwiZW1haWwiOiJhZG1pbkBrb3J0LmxvY2FsIiwiaWF0IjoxNzc3MDQzMDM3LCJleHAiOjE3NzcwNDM5Mzd9.TiheSAX1-J7ZmvQW06vYaOwmIts7e0xj2XlEaRzHTh0",
      "host": "127.0.0.1:8000",
      "remoteAddress": "127.0.0.1",
      "remotePort": 53117
    }
[20:03:57.822] [32mINFO[39m (19364): [36mincoming request[39m
    [35mreqId[39m: "req-1j"
    [35mreq[39m: {
      "method": "GET",
      "url": "/api/v1/sse/?token=eyJhbGciOiJIUzI1NiIsInR5cCI6IkpXVCJ9.eyJzdWIiOiJ1LW93bmVyIiwiZW1haWwiOiJhZG1pbkBrb3J0LmxvY2FsIiwiaWF0IjoxNzc3MDQzMDM3LCJleHAiOjE3NzcwNDM5Mzd9.TiheSAX1-J7ZmvQW06vYaOwmIts7e0xj2XlEaRzHTh0",
      "host": "127.0.0.1:8000",
      "remoteAddress": "127.0.0.1",
      "remotePort": 53118
    }
[20:03:57.848] [32mINFO[39m (19364): [36mincoming request[39m
    [35mreqId[39m: "req-1k"
    [35mreq[39m: {
      "method": "GET",
      "url": "/api/v1/deals/board/",
      "host": "127.0.0.1:8000",
      "remoteAddress": "127.0.0.1",
      "remotePort": 53120
    }
[20:03:57.873] [32mINFO[39m (19364): [36mrequest completed[39m
    [35mreqId[39m: "req-1k"
    [35mres[39m: {
      "statusCode": 200
    }
    [35mresponseTime[39m: 24.411800000816584
[20:04:20.836] [32mINFO[39m (19364): [36mincoming request[39m
    [35mreqId[39m: "req-1l"
    [35mreq[39m: {
      "method": "POST",
      "url": "/api/v1/auth/login/",
      "host": "127.0.0.1:8000",
      "remoteAddress": "127.0.0.1",
      "remotePort": 53134
    }
[20:04:21.004] [32mINFO[39m (19364): [36mrequest completed[39m
    [35mreqId[39m: "req-1l"
    [35mres[39m: {
      "statusCode": 200
    }
    [35mresponseTime[39m: 167.05480000004172
[20:04:21.052] [32mINFO[39m (19364): [36mincoming request[39m
    [35mreqId[39m: "req-1m"
    [35mreq[39m: {
      "method": "GET",
      "url": "/api/v1/auth/bootstrap/",
      "host": "127.0.0.1:8000",
      "remoteAddress": "127.0.0.1",
      "remotePort": 53135
    }
[20:04:21.067] [32mINFO[39m (19364): [36mrequest completed[39m
    [35mreqId[39m: "req-1m"
    [35mres[39m: {
      "statusCode": 200
    }
    [35mresponseTime[39m: 14.618699997663498
[20:04:21.160] [32mINFO[39m (19364): [36mincoming request[39m
    [35mreqId[39m: "req-1n"
    [35mreq[39m: {
      "method": "GET",
      "url": "/api/v1/sse/?token=eyJhbGciOiJIUzI1NiIsInR5cCI6IkpXVCJ9.eyJzdWIiOiJ1LW93bmVyIiwiZW1haWwiOiJhZG1pbkBrb3J0LmxvY2FsIiwiaWF0IjoxNzc3MDQzMDYwLCJleHAiOjE3NzcwNDM5NjB9.aYzMDZ9jsqxBaxf0wd3yEkh5FNuzYEFJmJ4RU15nNS0",
      "host": "127.0.0.1:8000",
      "remoteAddress": "127.0.0.1",
      "remotePort": 53136
    }
[20:04:21.179] [32mINFO[39m (19364): [36mincoming request[39m
    [35mreqId[39m: "req-1o"
    [35mreq[39m: {
      "method": "GET",
      "url": "/api/v1/sse/?token=eyJhbGciOiJIUzI1NiIsInR5cCI6IkpXVCJ9.eyJzdWIiOiJ1LW93bmVyIiwiZW1haWwiOiJhZG1pbkBrb3J0LmxvY2FsIiwiaWF0IjoxNzc3MDQzMDYwLCJleHAiOjE3NzcwNDM5NjB9.aYzMDZ9jsqxBaxf0wd3yEkh5FNuzYEFJmJ4RU15nNS0",
      "host": "127.0.0.1:8000",
      "remoteAddress": "127.0.0.1",
      "remotePort": 53137
    }
[20:04:21.183] [32mINFO[39m (19364): [36mincoming request[39m
    [35mreqId[39m: "req-1p"
    [35mreq[39m: {
      "method": "GET",
      "url": "/api/v1/notifications/",
      "host": "127.0.0.1:8000",
      "remoteAddress": "127.0.0.1",
      "remotePort": 53138
    }
[20:04:21.197] [32mINFO[39m (19364): [36mrequest completed[39m
    [35mreqId[39m: "req-1p"
    [35mres[39m: {
      "statusCode": 200
    }
    [35mresponseTime[39m: 13.08900000154972
[20:04:21.206] [32mINFO[39m (19364): [36mincoming request[39m
    [35mreqId[39m: "req-1q"
    [35mreq[39m: {
      "method": "GET",
      "url": "/api/v1/deals/board/",
      "host": "127.0.0.1:8000",
      "remoteAddress": "127.0.0.1",
      "remotePort": 53140
    }
[20:04:21.220] [32mINFO[39m (19364): [36mrequest completed[39m
    [35mreqId[39m: "req-1q"
    [35mres[39m: {
      "statusCode": 200
    }
    [35mresponseTime[39m: 13.179699998348951
[20:04:21.221] [32mINFO[39m (19364): [36mincoming request[39m
    [35mreqId[39m: "req-1r"
    [35mreq[39m: {
      "method": "GET",
      "url": "/api/v1/sse/?token=eyJhbGciOiJIUzI1NiIsInR5cCI6IkpXVCJ9.eyJzdWIiOiJ1LW93bmVyIiwiZW1haWwiOiJhZG1pbkBrb3J0LmxvY2FsIiwiaWF0IjoxNzc3MDQzMDYwLCJleHAiOjE3NzcwNDM5NjB9.aYzMDZ9jsqxBaxf0wd3yEkh5FNuzYEFJmJ4RU15nNS0",
      "host": "127.0.0.1:8000",
      "remoteAddress": "127.0.0.1",
      "remotePort": 53142
    }
