Navigating to login page...
Login page loaded
Filling login form...
Submitting login form...
Waiting for redirect from login page (30s timeout)...
Successfully redirected from login page
Global setup: Authentication successful
Saved auth state to C:\Users\user\Documents\EXPERIMENTAL\KORT-TESTING-FRONTEND\tests\e2e\.auth

Running 4 tests using 1 worker

[1A[2K[1/4] [chromium] вҖә tests\e2e\create-flows.spec.ts:22:1 вҖә create customer adds a new row in CRM customers
[1A[2K[2/4] [chromium] вҖә tests\e2e\create-flows.spec.ts:40:1 вҖә create deal adds a new card in CRM deals
[1A[2K[3/4] [chromium] вҖә tests\e2e\create-flows.spec.ts:40:1 вҖә create deal adds a new card in CRM deals (retry #1)
[1A[2K[4/4] [chromium] вҖә tests\e2e\create-flows.spec.ts:40:1 вҖә create deal adds a new card in CRM deals (retry #2)
[1A[2K  1) [chromium] вҖә tests\e2e\create-flows.spec.ts:40:1 вҖә create deal adds a new card in CRM deals в”Җв”Җв”Җ

    Error: [2mexpect([22m[31mlocator[39m[2m).[22mtoBeVisible[2m([22m[2m)[22m failed

    Locator: locator('main').getByRole('button', { name: /add|РҙРҫРұР°РІРёСӮСҢ|Р вҖқР С•Р ВұР В°Р РҶР С‘РЎвҖҡРЎРҠ/i }).first()
    Expected: visible
    Timeout: 15000ms
    Error: element(s) not found

    Call log:
    [2m  - Expect "toBeVisible" with timeout 15000ms[22m
    [2m  - waiting for locator('main').getByRole('button', { name: /add|РҙРҫРұР°РІРёСӮСҢ|Р вҖқР С•Р ВұР В°Р РҶР С‘РЎвҖҡРЎРҠ/i }).first()[22m


       6 |   const createForm = page.locator('main form');
       7 |
    >  8 |   await expect(addButton).toBeVisible();
         |                           ^
       9 |
      10 |   for (let attempt = 0; attempt < 3; attempt += 1) {
      11 |     await addButton.click();
        at openCreateForm (C:\Users\user\Documents\EXPERIMENTAL\KORT-TESTING-FRONTEND\tests\e2e\create-flows.spec.ts:8:27)
        at C:\Users\user\Documents\EXPERIMENTAL\KORT-TESTING-FRONTEND\tests\e2e\create-flows.spec.ts:46:9

    attachment #1: screenshot (image/png) в”Җв”Җв”Җв”Җв”Җв”Җв”Җв”Җв”Җв”Җв”Җв”Җв”Җв”Җв”Җв”Җв”Җв”Җв”Җв”Җв”Җв”Җв”Җв”Җв”Җв”Җв”Җв”Җв”Җв”Җв”Җв”Җв”Җв”Җв”Җв”Җв”Җв”Җв”Җв”Җв”Җв”Җв”Җв”Җв”Җв”Җв”Җв”Җв”Җв”Җв”Җв”Җв”Җв”Җв”Җв”Җв”Җв”Җ
    test-results\create-flows-create-deal-adds-a-new-card-in-CRM-deals-chromium\test-failed-1.png
    в”Җв”Җв”Җв”Җв”Җв”Җв”Җв”Җв”Җв”Җв”Җв”Җв”Җв”Җв”Җв”Җв”Җв”Җв”Җв”Җв”Җв”Җв”Җв”Җв”Җв”Җв”Җв”Җв”Җв”Җв”Җв”Җв”Җв”Җв”Җв”Җв”Җв”Җв”Җв”Җв”Җв”Җв”Җв”Җв”Җв”Җв”Җв”Җв”Җв”Җв”Җв”Җв”Җв”Җв”Җв”Җв”Җв”Җв”Җв”Җв”Җв”Җв”Җв”Җв”Җв”Җв”Җв”Җв”Җв”Җв”Җв”Җв”Җв”Җв”Җв”Җв”Җв”Җв”Җв”Җв”Җв”Җв”Җв”Җв”Җв”Җв”Җв”Җв”Җв”Җв”Җв”Җв”Җв”Җв”Җв”Җ

    attachment #2: video (video/webm) в”Җв”Җв”Җв”Җв”Җв”Җв”Җв”Җв”Җв”Җв”Җв”Җв”Җв”Җв”Җв”Җв”Җв”Җв”Җв”Җв”Җв”Җв”Җв”Җв”Җв”Җв”Җв”Җв”Җв”Җв”Җв”Җв”Җв”Җв”Җв”Җв”Җв”Җв”Җв”Җв”Җв”Җв”Җв”Җв”Җв”Җв”Җв”Җв”Җв”Җв”Җв”Җв”Җв”Җв”Җв”Җв”Җв”Җв”Җв”Җв”Җв”Җ
    test-results\create-flows-create-deal-adds-a-new-card-in-CRM-deals-chromium\video.webm
    в”Җв”Җв”Җв”Җв”Җв”Җв”Җв”Җв”Җв”Җв”Җв”Җв”Җв”Җв”Җв”Җв”Җв”Җв”Җв”Җв”Җв”Җв”Җв”Җв”Җв”Җв”Җв”Җв”Җв”Җв”Җв”Җв”Җв”Җв”Җв”Җв”Җв”Җв”Җв”Җв”Җв”Җв”Җв”Җв”Җв”Җв”Җв”Җв”Җв”Җв”Җв”Җв”Җв”Җв”Җв”Җв”Җв”Җв”Җв”Җв”Җв”Җв”Җв”Җв”Җв”Җв”Җв”Җв”Җв”Җв”Җв”Җв”Җв”Җв”Җв”Җв”Җв”Җв”Җв”Җв”Җв”Җв”Җв”Җв”Җв”Җв”Җв”Җв”Җв”Җв”Җв”Җв”Җв”Җв”Җв”Җ

    Error Context: test-results\create-flows-create-deal-adds-a-new-card-in-CRM-deals-chromium\error-context.md

    Retry #1 в”Җв”Җв”Җв”Җв”Җв”Җв”Җв”Җв”Җв”Җв”Җв”Җв”Җв”Җв”Җв”Җв”Җв”Җв”Җв”Җв”Җв”Җв”Җв”Җв”Җв”Җв”Җв”Җв”Җв”Җв”Җв”Җв”Җв”Җв”Җв”Җв”Җв”Җв”Җв”Җв”Җв”Җв”Җв”Җв”Җв”Җв”Җв”Җв”Җв”Җв”Җв”Җв”Җв”Җв”Җв”Җв”Җв”Җв”Җв”Җв”Җв”Җв”Җв”Җв”Җв”Җв”Җв”Җв”Җв”Җв”Җв”Җв”Җв”Җв”Җв”Җв”Җв”Җв”Җв”Җв”Җв”Җв”Җв”Җв”Җв”Җв”Җ

    Error: [2mexpect([22m[31mlocator[39m[2m).[22mtoBeVisible[2m([22m[2m)[22m failed

    Locator: locator('main').getByRole('button', { name: /add|РҙРҫРұР°РІРёСӮСҢ|Р вҖқР С•Р ВұР В°Р РҶР С‘РЎвҖҡРЎРҠ/i }).first()
    Expected: visible
    Timeout: 15000ms
    Error: element(s) not found

    Call log:
    [2m  - Expect "toBeVisible" with timeout 15000ms[22m
    [2m  - waiting for locator('main').getByRole('button', { name: /add|РҙРҫРұР°РІРёСӮСҢ|Р вҖқР С•Р ВұР В°Р РҶР С‘РЎвҖҡРЎРҠ/i }).first()[22m


       6 |   const createForm = page.locator('main form');
       7 |
    >  8 |   await expect(addButton).toBeVisible();
         |                           ^
       9 |
      10 |   for (let attempt = 0; attempt < 3; attempt += 1) {
      11 |     await addButton.click();
        at openCreateForm (C:\Users\user\Documents\EXPERIMENTAL\KORT-TESTING-FRONTEND\tests\e2e\create-flows.spec.ts:8:27)
        at C:\Users\user\Documents\EXPERIMENTAL\KORT-TESTING-FRONTEND\tests\e2e\create-flows.spec.ts:46:9

    attachment #1: screenshot (image/png) в”Җв”Җв”Җв”Җв”Җв”Җв”Җв”Җв”Җв”Җв”Җв”Җв”Җв”Җв”Җв”Җв”Җв”Җв”Җв”Җв”Җв”Җв”Җв”Җв”Җв”Җв”Җв”Җв”Җв”Җв”Җв”Җв”Җв”Җв”Җв”Җв”Җв”Җв”Җв”Җв”Җв”Җв”Җв”Җв”Җв”Җв”Җв”Җв”Җв”Җв”Җв”Җв”Җв”Җв”Җв”Җв”Җв”Җ
    test-results\create-flows-create-deal-adds-a-new-card-in-CRM-deals-chromium-retry1\test-failed-1.png
    в”Җв”Җв”Җв”Җв”Җв”Җв”Җв”Җв”Җв”Җв”Җв”Җв”Җв”Җв”Җв”Җв”Җв”Җв”Җв”Җв”Җв”Җв”Җв”Җв”Җв”Җв”Җв”Җв”Җв”Җв”Җв”Җв”Җв”Җв”Җв”Җв”Җв”Җв”Җв”Җв”Җв”Җв”Җв”Җв”Җв”Җв”Җв”Җв”Җв”Җв”Җв”Җв”Җв”Җв”Җв”Җв”Җв”Җв”Җв”Җв”Җв”Җв”Җв”Җв”Җв”Җв”Җв”Җв”Җв”Җв”Җв”Җв”Җв”Җв”Җв”Җв”Җв”Җв”Җв”Җв”Җв”Җв”Җв”Җв”Җв”Җв”Җв”Җв”Җв”Җв”Җв”Җв”Җв”Җв”Җв”Җ

    attachment #2: video (video/webm) в”Җв”Җв”Җв”Җв”Җв”Җв”Җв”Җв”Җв”Җв”Җв”Җв”Җв”Җв”Җв”Җв”Җв”Җв”Җв”Җв”Җв”Җв”Җв”Җв”Җв”Җв”Җв”Җв”Җв”Җв”Җв”Җв”Җв”Җв”Җв”Җв”Җв”Җв”Җв”Җв”Җв”Җв”Җв”Җв”Җв”Җв”Җв”Җв”Җв”Җв”Җв”Җв”Җв”Җв”Җв”Җв”Җв”Җв”Җв”Җв”Җв”Җ
    test-results\create-flows-create-deal-adds-a-new-card-in-CRM-deals-chromium-retry1\video.webm
    в”Җв”Җв”Җв”Җв”Җв”Җв”Җв”Җв”Җв”Җв”Җв”Җв”Җв”Җв”Җв”Җв”Җв”Җв”Җв”Җв”Җв”Җв”Җв”Җв”Җв”Җв”Җв”Җв”Җв”Җв”Җв”Җв”Җв”Җв”Җв”Җв”Җв”Җв”Җв”Җв”Җв”Җв”Җв”Җв”Җв”Җв”Җв”Җв”Җв”Җв”Җв”Җв”Җв”Җв”Җв”Җв”Җв”Җв”Җв”Җв”Җв”Җв”Җв”Җв”Җв”Җв”Җв”Җв”Җв”Җв”Җв”Җв”Җв”Җв”Җв”Җв”Җв”Җв”Җв”Җв”Җв”Җв”Җв”Җв”Җв”Җв”Җв”Җв”Җв”Җв”Җв”Җв”Җв”Җв”Җв”Җ

    Error Context: test-results\create-flows-create-deal-adds-a-new-card-in-CRM-deals-chromium-retry1\error-context.md

    attachment #4: trace (application/zip) в”Җв”Җв”Җв”Җв”Җв”Җв”Җв”Җв”Җв”Җв”Җв”Җв”Җв”Җв”Җв”Җв”Җв”Җв”Җв”Җв”Җв”Җв”Җв”Җв”Җв”Җв”Җв”Җв”Җв”Җв”Җв”Җв”Җв”Җв”Җв”Җв”Җв”Җв”Җв”Җв”Җв”Җв”Җв”Җв”Җв”Җв”Җв”Җв”Җв”Җв”Җв”Җв”Җв”Җв”Җв”Җв”Җ
    test-results\create-flows-create-deal-adds-a-new-card-in-CRM-deals-chromium-retry1\trace.zip
    Usage:

        pnpm exec playwright show-trace test-results\create-flows-create-deal-adds-a-new-card-in-CRM-deals-chromium-retry1\trace.zip

    в”Җв”Җв”Җв”Җв”Җв”Җв”Җв”Җв”Җв”Җв”Җв”Җв”Җв”Җв”Җв”Җв”Җв”Җв”Җв”Җв”Җв”Җв”Җв”Җв”Җв”Җв”Җв”Җв”Җв”Җв”Җв”Җв”Җв”Җв”Җв”Җв”Җв”Җв”Җв”Җв”Җв”Җв”Җв”Җв”Җв”Җв”Җв”Җв”Җв”Җв”Җв”Җв”Җв”Җв”Җв”Җв”Җв”Җв”Җв”Җв”Җв”Җв”Җв”Җв”Җв”Җв”Җв”Җв”Җв”Җв”Җв”Җв”Җв”Җв”Җв”Җв”Җв”Җв”Җв”Җв”Җв”Җв”Җв”Җв”Җв”Җв”Җв”Җв”Җв”Җв”Җв”Җв”Җв”Җв”Җв”Җ

    Retry #2 в”Җв”Җв”Җв”Җв”Җв”Җв”Җв”Җв”Җв”Җв”Җв”Җв”Җв”Җв”Җв”Җв”Җв”Җв”Җв”Җв”Җв”Җв”Җв”Җв”Җв”Җв”Җв”Җв”Җв”Җв”Җв”Җв”Җв”Җв”Җв”Җв”Җв”Җв”Җв”Җв”Җв”Җв”Җв”Җв”Җв”Җв”Җв”Җв”Җв”Җв”Җв”Җв”Җв”Җв”Җв”Җв”Җв”Җв”Җв”Җв”Җв”Җв”Җв”Җв”Җв”Җв”Җв”Җв”Җв”Җв”Җв”Җв”Җв”Җв”Җв”Җв”Җв”Җв”Җв”Җв”Җв”Җв”Җв”Җв”Җв”Җв”Җ

    Error: [2mexpect([22m[31mlocator[39m[2m).[22mtoBeVisible[2m([22m[2m)[22m failed

    Locator: locator('main').getByRole('button', { name: /add|РҙРҫРұР°РІРёСӮСҢ|Р вҖқР С•Р ВұР В°Р РҶР С‘РЎвҖҡРЎРҠ/i }).first()
    Expected: visible
    Timeout: 15000ms
    Error: element(s) not found

    Call log:
    [2m  - Expect "toBeVisible" with timeout 15000ms[22m
    [2m  - waiting for locator('main').getByRole('button', { name: /add|РҙРҫРұР°РІРёСӮСҢ|Р вҖқР С•Р ВұР В°Р РҶР С‘РЎвҖҡРЎРҠ/i }).first()[22m


       6 |   const createForm = page.locator('main form');
       7 |
    >  8 |   await expect(addButton).toBeVisible();
         |                           ^
       9 |
      10 |   for (let attempt = 0; attempt < 3; attempt += 1) {
      11 |     await addButton.click();
        at openCreateForm (C:\Users\user\Documents\EXPERIMENTAL\KORT-TESTING-FRONTEND\tests\e2e\create-flows.spec.ts:8:27)
        at C:\Users\user\Documents\EXPERIMENTAL\KORT-TESTING-FRONTEND\tests\e2e\create-flows.spec.ts:46:9

    attachment #1: screenshot (image/png) в”Җв”Җв”Җв”Җв”Җв”Җв”Җв”Җв”Җв”Җв”Җв”Җв”Җв”Җв”Җв”Җв”Җв”Җв”Җв”Җв”Җв”Җв”Җв”Җв”Җв”Җв”Җв”Җв”Җв”Җв”Җв”Җв”Җв”Җв”Җв”Җв”Җв”Җв”Җв”Җв”Җв”Җв”Җв”Җв”Җв”Җв”Җв”Җв”Җв”Җв”Җв”Җв”Җв”Җв”Җв”Җв”Җв”Җ
    test-results\create-flows-create-deal-adds-a-new-card-in-CRM-deals-chromium-retry2\test-failed-1.png
    в”Җв”Җв”Җв”Җв”Җв”Җв”Җв”Җв”Җв”Җв”Җв”Җв”Җв”Җв”Җв”Җв”Җв”Җв”Җв”Җв”Җв”Җв”Җв”Җв”Җв”Җв”Җв”Җв”Җв”Җв”Җв”Җв”Җв”Җв”Җв”Җв”Җв”Җв”Җв”Җв”Җв”Җв”Җв”Җв”Җв”Җв”Җв”Җв”Җв”Җв”Җв”Җв”Җв”Җв”Җв”Җв”Җв”Җв”Җв”Җв”Җв”Җв”Җв”Җв”Җв”Җв”Җв”Җв”Җв”Җв”Җв”Җв”Җв”Җв”Җв”Җв”Җв”Җв”Җв”Җв”Җв”Җв”Җв”Җв”Җв”Җв”Җв”Җв”Җв”Җв”Җв”Җв”Җв”Җв”Җв”Җ

    attachment #2: video (video/webm) в”Җв”Җв”Җв”Җв”Җв”Җв”Җв”Җв”Җв”Җв”Җв”Җв”Җв”Җв”Җв”Җв”Җв”Җв”Җв”Җв”Җв”Җв”Җв”Җв”Җв”Җв”Җв”Җв”Җв”Җв”Җв”Җв”Җв”Җв”Җв”Җв”Җв”Җв”Җв”Җв”Җв”Җв”Җв”Җв”Җв”Җв”Җв”Җв”Җв”Җв”Җв”Җв”Җв”Җв”Җв”Җв”Җв”Җв”Җв”Җв”Җв”Җ
    test-results\create-flows-create-deal-adds-a-new-card-in-CRM-deals-chromium-retry2\video.webm
    в”Җв”Җв”Җв”Җв”Җв”Җв”Җв”Җв”Җв”Җв”Җв”Җв”Җв”Җв”Җв”Җв”Җв”Җв”Җв”Җв”Җв”Җв”Җв”Җв”Җв”Җв”Җв”Җв”Җв”Җв”Җв”Җв”Җв”Җв”Җв”Җв”Җв”Җв”Җв”Җв”Җв”Җв”Җв”Җв”Җв”Җв”Җв”Җв”Җв”Җв”Җв”Җв”Җв”Җв”Җв”Җв”Җв”Җв”Җв”Җв”Җв”Җв”Җв”Җв”Җв”Җв”Җв”Җв”Җв”Җв”Җв”Җв”Җв”Җв”Җв”Җв”Җв”Җв”Җв”Җв”Җв”Җв”Җв”Җв”Җв”Җв”Җв”Җв”Җв”Җв”Җв”Җв”Җв”Җв”Җв”Җ

    Error Context: test-results\create-flows-create-deal-adds-a-new-card-in-CRM-deals-chromium-retry2\error-context.md


[1A[2K[5/4] (retries) [firefox] вҖә tests\e2e\create-flows.spec.ts:22:1 вҖә create customer adds a new row in CRM customers
[1A[2K[6/4] (retries) [firefox] вҖә tests\e2e\create-flows.spec.ts:40:1 вҖә create deal adds a new card in CRM deals
[1A[2K[7/4] (retries) [firefox] вҖә tests\e2e\create-flows.spec.ts:40:1 вҖә create deal adds a new card in CRM deals (retry #1)
[1A[2K[8/4] (retries) [firefox] вҖә tests\e2e\create-flows.spec.ts:40:1 вҖә create deal adds a new card in CRM deals (retry #2)
[1A[2K  2) [firefox] вҖә tests\e2e\create-flows.spec.ts:40:1 вҖә create deal adds a new card in CRM deals в”Җв”Җв”Җв”Җ

    Error: [2mexpect([22m[31mlocator[39m[2m).[22mtoBeVisible[2m([22m[2m)[22m failed

    Locator: locator('main').getByRole('button', { name: /add|РҙРҫРұР°РІРёСӮСҢ|Р вҖқР С•Р ВұР В°Р РҶР С‘РЎвҖҡРЎРҠ/i }).first()
    Expected: visible
    Timeout: 15000ms
    Error: element(s) not found

    Call log:
    [2m  - Expect "toBeVisible" with timeout 15000ms[22m
    [2m  - waiting for locator('main').getByRole('button', { name: /add|РҙРҫРұР°РІРёСӮСҢ|Р вҖқР С•Р ВұР В°Р РҶР С‘РЎвҖҡРЎРҠ/i }).first()[22m


       6 |   const createForm = page.locator('main form');
       7 |
    >  8 |   await expect(addButton).toBeVisible();
         |                           ^
       9 |
      10 |   for (let attempt = 0; attempt < 3; attempt += 1) {
      11 |     await addButton.click();
        at openCreateForm (C:\Users\user\Documents\EXPERIMENTAL\KORT-TESTING-FRONTEND\tests\e2e\create-flows.spec.ts:8:27)
        at C:\Users\user\Documents\EXPERIMENTAL\KORT-TESTING-FRONTEND\tests\e2e\create-flows.spec.ts:46:9

    attachment #1: screenshot (image/png) в”Җв”Җв”Җв”Җв”Җв”Җв”Җв”Җв”Җв”Җв”Җв”Җв”Җв”Җв”Җв”Җв”Җв”Җв”Җв”Җв”Җв”Җв”Җв”Җв”Җв”Җв”Җв”Җв”Җв”Җв”Җв”Җв”Җв”Җв”Җв”Җв”Җв”Җв”Җв”Җв”Җв”Җв”Җв”Җв”Җв”Җв”Җв”Җв”Җв”Җв”Җв”Җв”Җв”Җв”Җв”Җв”Җв”Җ
    test-results\create-flows-create-deal-adds-a-new-card-in-CRM-deals-firefox\test-failed-1.png
    в”Җв”Җв”Җв”Җв”Җв”Җв”Җв”Җв”Җв”Җв”Җв”Җв”Җв”Җв”Җв”Җв”Җв”Җв”Җв”Җв”Җв”Җв”Җв”Җв”Җв”Җв”Җв”Җв”Җв”Җв”Җв”Җв”Җв”Җв”Җв”Җв”Җв”Җв”Җв”Җв”Җв”Җв”Җв”Җв”Җв”Җв”Җв”Җв”Җв”Җв”Җв”Җв”Җв”Җв”Җв”Җв”Җв”Җв”Җв”Җв”Җв”Җв”Җв”Җв”Җв”Җв”Җв”Җв”Җв”Җв”Җв”Җв”Җв”Җв”Җв”Җв”Җв”Җв”Җв”Җв”Җв”Җв”Җв”Җв”Җв”Җв”Җв”Җв”Җв”Җв”Җв”Җв”Җв”Җв”Җв”Җ

    attachment #2: video (video/webm) в”Җв”Җв”Җв”Җв”Җв”Җв”Җв”Җв”Җв”Җв”Җв”Җв”Җв”Җв”Җв”Җв”Җв”Җв”Җв”Җв”Җв”Җв”Җв”Җв”Җв”Җв”Җв”Җв”Җв”Җв”Җв”Җв”Җв”Җв”Җв”Җв”Җв”Җв”Җв”Җв”Җв”Җв”Җв”Җв”Җв”Җв”Җв”Җв”Җв”Җв”Җв”Җв”Җв”Җв”Җв”Җв”Җв”Җв”Җв”Җв”Җв”Җ
    test-results\create-flows-create-deal-adds-a-new-card-in-CRM-deals-firefox\video.webm
    в”Җв”Җв”Җв”Җв”Җв”Җв”Җв”Җв”Җв”Җв”Җв”Җв”Җв”Җв”Җв”Җв”Җв”Җв”Җв”Җв”Җв”Җв”Җв”Җв”Җв”Җв”Җв”Җв”Җв”Җв”Җв”Җв”Җв”Җв”Җв”Җв”Җв”Җв”Җв”Җв”Җв”Җв”Җв”Җв”Җв”Җв”Җв”Җв”Җв”Җв”Җв”Җв”Җв”Җв”Җв”Җв”Җв”Җв”Җв”Җв”Җв”Җв”Җв”Җв”Җв”Җв”Җв”Җв”Җв”Җв”Җв”Җв”Җв”Җв”Җв”Җв”Җв”Җв”Җв”Җв”Җв”Җв”Җв”Җв”Җв”Җв”Җв”Җв”Җв”Җв”Җв”Җв”Җв”Җв”Җв”Җ

    Error Context: test-results\create-flows-create-deal-adds-a-new-card-in-CRM-deals-firefox\error-context.md

    Retry #1 в”Җв”Җв”Җв”Җв”Җв”Җв”Җв”Җв”Җв”Җв”Җв”Җв”Җв”Җв”Җв”Җв”Җв”Җв”Җв”Җв”Җв”Җв”Җв”Җв”Җв”Җв”Җв”Җв”Җв”Җв”Җв”Җв”Җв”Җв”Җв”Җв”Җв”Җв”Җв”Җв”Җв”Җв”Җв”Җв”Җв”Җв”Җв”Җв”Җв”Җв”Җв”Җв”Җв”Җв”Җв”Җв”Җв”Җв”Җв”Җв”Җв”Җв”Җв”Җв”Җв”Җв”Җв”Җв”Җв”Җв”Җв”Җв”Җв”Җв”Җв”Җв”Җв”Җв”Җв”Җв”Җв”Җв”Җв”Җв”Җв”Җв”Җ

    Error: [2mexpect([22m[31mlocator[39m[2m).[22mtoBeVisible[2m([22m[2m)[22m failed

    Locator: locator('main').getByRole('button', { name: /add|РҙРҫРұР°РІРёСӮСҢ|Р вҖқР С•Р ВұР В°Р РҶР С‘РЎвҖҡРЎРҠ/i }).first()
    Expected: visible
    Timeout: 15000ms
    Error: element(s) not found

    Call log:
    [2m  - Expect "toBeVisible" with timeout 15000ms[22m
    [2m  - waiting for locator('main').getByRole('button', { name: /add|РҙРҫРұР°РІРёСӮСҢ|Р вҖқР С•Р ВұР В°Р РҶР С‘РЎвҖҡРЎРҠ/i }).first()[22m


       6 |   const createForm = page.locator('main form');
       7 |
    >  8 |   await expect(addButton).toBeVisible();
         |                           ^
       9 |
      10 |   for (let attempt = 0; attempt < 3; attempt += 1) {
      11 |     await addButton.click();
        at openCreateForm (C:\Users\user\Documents\EXPERIMENTAL\KORT-TESTING-FRONTEND\tests\e2e\create-flows.spec.ts:8:27)
        at C:\Users\user\Documents\EXPERIMENTAL\KORT-TESTING-FRONTEND\tests\e2e\create-flows.spec.ts:46:9

    attachment #1: screenshot (image/png) в”Җв”Җв”Җв”Җв”Җв”Җв”Җв”Җв”Җв”Җв”Җв”Җв”Җв”Җв”Җв”Җв”Җв”Җв”Җв”Җв”Җв”Җв”Җв”Җв”Җв”Җв”Җв”Җв”Җв”Җв”Җв”Җв”Җв”Җв”Җв”Җв”Җв”Җв”Җв”Җв”Җв”Җв”Җв”Җв”Җв”Җв”Җв”Җв”Җв”Җв”Җв”Җв”Җв”Җв”Җв”Җв”Җв”Җ
    test-results\create-flows-create-deal-adds-a-new-card-in-CRM-deals-firefox-retry1\test-failed-1.png
    в”Җв”Җв”Җв”Җв”Җв”Җв”Җв”Җв”Җв”Җв”Җв”Җв”Җв”Җв”Җв”Җв”Җв”Җв”Җв”Җв”Җв”Җв”Җв”Җв”Җв”Җв”Җв”Җв”Җв”Җв”Җв”Җв”Җв”Җв”Җв”Җв”Җв”Җв”Җв”Җв”Җв”Җв”Җв”Җв”Җв”Җв”Җв”Җв”Җв”Җв”Җв”Җв”Җв”Җв”Җв”Җв”Җв”Җв”Җв”Җв”Җв”Җв”Җв”Җв”Җв”Җв”Җв”Җв”Җв”Җв”Җв”Җв”Җв”Җв”Җв”Җв”Җв”Җв”Җв”Җв”Җв”Җв”Җв”Җв”Җв”Җв”Җв”Җв”Җв”Җв”Җв”Җв”Җв”Җв”Җв”Җ

    attachment #2: video (video/webm) в”Җв”Җв”Җв”Җв”Җв”Җв”Җв”Җв”Җв”Җв”Җв”Җв”Җв”Җв”Җв”Җв”Җв”Җв”Җв”Җв”Җв”Җв”Җв”Җв”Җв”Җв”Җв”Җв”Җв”Җв”Җв”Җв”Җв”Җв”Җв”Җв”Җв”Җв”Җв”Җв”Җв”Җв”Җв”Җв”Җв”Җв”Җв”Җв”Җв”Җв”Җв”Җв”Җв”Җв”Җв”Җв”Җв”Җв”Җв”Җв”Җв”Җ
    test-results\create-flows-create-deal-adds-a-new-card-in-CRM-deals-firefox-retry1\video.webm
    в”Җв”Җв”Җв”Җв”Җв”Җв”Җв”Җв”Җв”Җв”Җв”Җв”Җв”Җв”Җв”Җв”Җв”Җв”Җв”Җв”Җв”Җв”Җв”Җв”Җв”Җв”Җв”Җв”Җв”Җв”Җв”Җв”Җв”Җв”Җв”Җв”Җв”Җв”Җв”Җв”Җв”Җв”Җв”Җв”Җв”Җв”Җв”Җв”Җв”Җв”Җв”Җв”Җв”Җв”Җв”Җв”Җв”Җв”Җв”Җв”Җв”Җв”Җв”Җв”Җв”Җв”Җв”Җв”Җв”Җв”Җв”Җв”Җв”Җв”Җв”Җв”Җв”Җв”Җв”Җв”Җв”Җв”Җв”Җв”Җв”Җв”Җв”Җв”Җв”Җв”Җв”Җв”Җв”Җв”Җв”Җ

    Error Context: test-results\create-flows-create-deal-adds-a-new-card-in-CRM-deals-firefox-retry1\error-context.md

    attachment #4: trace (application/zip) в”Җв”Җв”Җв”Җв”Җв”Җв”Җв”Җв”Җв”Җв”Җв”Җв”Җв”Җв”Җв”Җв”Җв”Җв”Җв”Җв”Җв”Җв”Җв”Җв”Җв”Җв”Җв”Җв”Җв”Җв”Җв”Җв”Җв”Җв”Җв”Җв”Җв”Җв”Җв”Җв”Җв”Җв”Җв”Җв”Җв”Җв”Җв”Җв”Җв”Җв”Җв”Җв”Җв”Җв”Җв”Җв”Җ
    test-results\create-flows-create-deal-adds-a-new-card-in-CRM-deals-firefox-retry1\trace.zip
    Usage:

        pnpm exec playwright show-trace test-results\create-flows-create-deal-adds-a-new-card-in-CRM-deals-firefox-retry1\trace.zip

    в”Җв”Җв”Җв”Җв”Җв”Җв”Җв”Җв”Җв”Җв”Җв”Җв”Җв”Җв”Җв”Җв”Җв”Җв”Җв”Җв”Җв”Җв”Җв”Җв”Җв”Җв”Җв”Җв”Җв”Җв”Җв”Җв”Җв”Җв”Җв”Җв”Җв”Җв”Җв”Җв”Җв”Җв”Җв”Җв”Җв”Җв”Җв”Җв”Җв”Җв”Җв”Җв”Җв”Җв”Җв”Җв”Җв”Җв”Җв”Җв”Җв”Җв”Җв”Җв”Җв”Җв”Җв”Җв”Җв”Җв”Җв”Җв”Җв”Җв”Җв”Җв”Җв”Җв”Җв”Җв”Җв”Җв”Җв”Җв”Җв”Җв”Җв”Җв”Җв”Җв”Җв”Җв”Җв”Җв”Җв”Җ

    Retry #2 в”Җв”Җв”Җв”Җв”Җв”Җв”Җв”Җв”Җв”Җв”Җв”Җв”Җв”Җв”Җв”Җв”Җв”Җв”Җв”Җв”Җв”Җв”Җв”Җв”Җв”Җв”Җв”Җв”Җв”Җв”Җв”Җв”Җв”Җв”Җв”Җв”Җв”Җв”Җв”Җв”Җв”Җв”Җв”Җв”Җв”Җв”Җв”Җв”Җв”Җв”Җв”Җв”Җв”Җв”Җв”Җв”Җв”Җв”Җв”Җв”Җв”Җв”Җв”Җв”Җв”Җв”Җв”Җв”Җв”Җв”Җв”Җв”Җв”Җв”Җв”Җв”Җв”Җв”Җв”Җв”Җв”Җв”Җв”Җв”Җв”Җв”Җ

    Error: [2mexpect([22m[31mlocator[39m[2m).[22mtoBeVisible[2m([22m[2m)[22m failed

    Locator: locator('main').getByRole('button', { name: /add|РҙРҫРұР°РІРёСӮСҢ|Р вҖқР С•Р ВұР В°Р РҶР С‘РЎвҖҡРЎРҠ/i }).first()
    Expected: visible
    Timeout: 15000ms
    Error: element(s) not found

    Call log:
    [2m  - Expect "toBeVisible" with timeout 15000ms[22m
    [2m  - waiting for locator('main').getByRole('button', { name: /add|РҙРҫРұР°РІРёСӮСҢ|Р вҖқР С•Р ВұР В°Р РҶР С‘РЎвҖҡРЎРҠ/i }).first()[22m


       6 |   const createForm = page.locator('main form');
       7 |
    >  8 |   await expect(addButton).toBeVisible();
         |                           ^
       9 |
      10 |   for (let attempt = 0; attempt < 3; attempt += 1) {
      11 |     await addButton.click();
        at openCreateForm (C:\Users\user\Documents\EXPERIMENTAL\KORT-TESTING-FRONTEND\tests\e2e\create-flows.spec.ts:8:27)
        at C:\Users\user\Documents\EXPERIMENTAL\KORT-TESTING-FRONTEND\tests\e2e\create-flows.spec.ts:46:9

    attachment #1: screenshot (image/png) в”Җв”Җв”Җв”Җв”Җв”Җв”Җв”Җв”Җв”Җв”Җв”Җв”Җв”Җв”Җв”Җв”Җв”Җв”Җв”Җв”Җв”Җв”Җв”Җв”Җв”Җв”Җв”Җв”Җв”Җв”Җв”Җв”Җв”Җв”Җв”Җв”Җв”Җв”Җв”Җв”Җв”Җв”Җв”Җв”Җв”Җв”Җв”Җв”Җв”Җв”Җв”Җв”Җв”Җв”Җв”Җв”Җв”Җ
    test-results\create-flows-create-deal-adds-a-new-card-in-CRM-deals-firefox-retry2\test-failed-1.png
    в”Җв”Җв”Җв”Җв”Җв”Җв”Җв”Җв”Җв”Җв”Җв”Җв”Җв”Җв”Җв”Җв”Җв”Җв”Җв”Җв”Җв”Җв”Җв”Җв”Җв”Җв”Җв”Җв”Җв”Җв”Җв”Җв”Җв”Җв”Җв”Җв”Җв”Җв”Җв”Җв”Җв”Җв”Җв”Җв”Җв”Җв”Җв”Җв”Җв”Җв”Җв”Җв”Җв”Җв”Җв”Җв”Җв”Җв”Җв”Җв”Җв”Җв”Җв”Җв”Җв”Җв”Җв”Җв”Җв”Җв”Җв”Җв”Җв”Җв”Җв”Җв”Җв”Җв”Җв”Җв”Җв”Җв”Җв”Җв”Җв”Җв”Җв”Җв”Җв”Җв”Җв”Җв”Җв”Җв”Җв”Җ

    attachment #2: video (video/webm) в”Җв”Җв”Җв”Җв”Җв”Җв”Җв”Җв”Җв”Җв”Җв”Җв”Җв”Җв”Җв”Җв”Җв”Җв”Җв”Җв”Җв”Җв”Җв”Җв”Җв”Җв”Җв”Җв”Җв”Җв”Җв”Җв”Җв”Җв”Җв”Җв”Җв”Җв”Җв”Җв”Җв”Җв”Җв”Җв”Җв”Җв”Җв”Җв”Җв”Җв”Җв”Җв”Җв”Җв”Җв”Җв”Җв”Җв”Җв”Җв”Җв”Җ
    test-results\create-flows-create-deal-adds-a-new-card-in-CRM-deals-firefox-retry2\video.webm
    в”Җв”Җв”Җв”Җв”Җв”Җв”Җв”Җв”Җв”Җв”Җв”Җв”Җв”Җв”Җв”Җв”Җв”Җв”Җв”Җв”Җв”Җв”Җв”Җв”Җв”Җв”Җв”Җв”Җв”Җв”Җв”Җв”Җв”Җв”Җв”Җв”Җв”Җв”Җв”Җв”Җв”Җв”Җв”Җв”Җв”Җв”Җв”Җв”Җв”Җв”Җв”Җв”Җв”Җв”Җв”Җв”Җв”Җв”Җв”Җв”Җв”Җв”Җв”Җв”Җв”Җв”Җв”Җв”Җв”Җв”Җв”Җв”Җв”Җв”Җв”Җв”Җв”Җв”Җв”Җв”Җв”Җв”Җв”Җв”Җв”Җв”Җв”Җв”Җв”Җв”Җв”Җв”Җв”Җв”Җв”Җ

    Error Context: test-results\create-flows-create-deal-adds-a-new-card-in-CRM-deals-firefox-retry2\error-context.md


[1A[2K  2 failed
    [chromium] вҖә tests\e2e\create-flows.spec.ts:40:1 вҖә create deal adds a new card in CRM deals в”Җв”Җв”Җв”Җ
    [firefox] вҖә tests\e2e\create-flows.spec.ts:40:1 вҖә create deal adds a new card in CRM deals в”Җв”Җв”Җв”Җв”Җ
  2 passed (2.3m)
