[dotenv@17.3.1] injecting env (12) from .env -- tip: 🔐 encrypt with Dotenvx: https://dotenvx.com
Server running at http://127.0.0.1:8002
[21:39:44.462] [32mINFO[39m (9096): [36mServer listening at http://127.0.0.1:8002[39m
[21:39:44.463] [32mINFO[39m (9096): [36mCORS origins configured[39m
    [35morigins[39m: [
      "http://127.0.0.1:4174",
      "http://localhost:4174",
      "http://127.0.0.1:3000",
      "http://localhost:3000",
      "http://localhost:5173",
      "http://127.0.0.1:5173",
      "http://localhost:4173",
      "http://127.0.0.1:4173"
    ]
[21:39:44.466] [32mINFO[39m (9096): [36mWarehouse outbox worker started[39m
[21:39:44.851] [32mINFO[39m (9096): [36mincoming request[39m
    [35mreqId[39m: "req-1"
    [35mreq[39m: {
      "method": "GET",
      "url": "/api/v1/health",
      "host": "127.0.0.1:8002",
      "remoteAddress": "127.0.0.1",
      "remotePort": 57721
    }
[21:39:44.858] [32mINFO[39m (9096): [36mrequest completed[39m
    [35mreqId[39m: "req-1"
    [35mres[39m: {
      "statusCode": 200
    }
    [35mresponseTime[39m: 5.556099999696016
[21:40:24.166] [32mINFO[39m (9096): [36mincoming request[39m
    [35mreqId[39m: "req-2"
    [35mreq[39m: {
      "method": "POST",
      "url": "/api/v1/auth/login/",
      "host": "127.0.0.1:8002",
      "remoteAddress": "127.0.0.1",
      "remotePort": 51082
    }
[21:40:24.603] [32mINFO[39m (9096): [36mrequest completed[39m
    [35mreqId[39m: "req-2"
    [35mres[39m: {
      "statusCode": 200
    }
    [35mresponseTime[39m: 436.1719000004232
[21:40:24.684] [32mINFO[39m (9096): [36mincoming request[39m
    [35mreqId[39m: "req-3"
    [35mreq[39m: {
      "method": "GET",
      "url": "/api/v1/auth/bootstrap/",
      "host": "127.0.0.1:8002",
      "remoteAddress": "127.0.0.1",
      "remotePort": 51082
    }
[21:40:24.725] [32mINFO[39m (9096): [36mrequest completed[39m
    [35mreqId[39m: "req-3"
    [35mres[39m: {
      "statusCode": 200
    }
    [35mresponseTime[39m: 23.576799999922514
[21:40:28.717] [32mINFO[39m (9096): [36mincoming request[39m
    [35mreqId[39m: "req-4"
    [35mreq[39m: {
      "method": "GET",
      "url": "/api/v1/auth/bootstrap/",
      "host": "127.0.0.1:8002",
      "remoteAddress": "127.0.0.1",
      "remotePort": 51082
    }
[21:40:28.732] [32mINFO[39m (9096): [36mrequest completed[39m
    [35mreqId[39m: "req-4"
    [35mres[39m: {
      "statusCode": 200
    }
    [35mresponseTime[39m: 13.878600001335144
[21:40:28.805] [32mINFO[39m (9096): [36mincoming request[39m
    [35mreqId[39m: "req-5"
    [35mreq[39m: {
      "method": "GET",
      "url": "/api/v1/chapan/production/workshop",
      "host": "127.0.0.1:8002",
      "remoteAddress": "127.0.0.1",
      "remotePort": 51082
    }
[21:40:28.811] [32mINFO[39m (9096): [36mincoming request[39m
    [35mreqId[39m: "req-6"
    [35mreq[39m: {
      "method": "GET",
      "url": "/api/v1/chapan/settings/catalogs",
      "host": "127.0.0.1:8002",
      "remoteAddress": "127.0.0.1",
      "remotePort": 63654
    }
[21:40:28.815] [32mINFO[39m (9096): [36mincoming request[39m
    [35mreqId[39m: "req-7"
    [35mreq[39m: {
      "method": "GET",
      "url": "/api/v1/chapan/orders/change-requests",
      "host": "127.0.0.1:8002",
      "remoteAddress": "127.0.0.1",
      "remotePort": 63655
    }
[21:40:28.819] [32mINFO[39m (9096): [36mincoming request[39m
    [35mreqId[39m: "req-8"
    [35mreq[39m: {
      "method": "GET",
      "url": "/api/v1/chapan/invoices?limit=100",
      "host": "127.0.0.1:8002",
      "remoteAddress": "127.0.0.1",
      "remotePort": 63656
    }
[21:40:28.926] [32mINFO[39m (9096): [36mrequest completed[39m
    [35mreqId[39m: "req-8"
    [35mres[39m: {
      "statusCode": 200
    }
    [35mresponseTime[39m: 106.25960000231862
[21:40:28.935] [32mINFO[39m (9096): [36mrequest completed[39m
    [35mreqId[39m: "req-7"
    [35mres[39m: {
      "statusCode": 200
    }
    [35mresponseTime[39m: 118.8601999990642
[21:40:28.964] [32mINFO[39m (9096): [36mrequest completed[39m
    [35mreqId[39m: "req-5"
    [35mres[39m: {
      "statusCode": 200
    }
    [35mresponseTime[39m: 158.50610000267625
[21:40:29.001] [32mINFO[39m (9096): [36mrequest completed[39m
    [35mreqId[39m: "req-6"
    [35mres[39m: {
      "statusCode": 200
    }
    [35mresponseTime[39m: 190.62689999863505
